<?xml version="1.0" encoding="UTF-8"?>
<!-- Generated by org.testng.reporters.JUnitXMLReporter -->
<testsuite hostname="THSLT10093" name="Test1" tests="2" failures="2" timestamp="29 Jan 2020 14:57:49 GMT" time="5.023" errors="0">
  <testcase name="@AfterTest flush" time="0.0" classname="test_Cases.testCase_1">
    <failure type="java.lang.IllegalArgumentException" message="wrong number of arguments">
      <![CDATA[java.lang.IllegalArgumentException: wrong number of arguments
... Removed 22 stack frames]]>
    </failure>
  </testcase> <!-- @AfterTest flush -->
  <testcase name="Reverse" time="0.017" classname="test_Cases.testCase_1">
    <failure type="org.junit.ComparisonFailure" message="expected:&amp;lt;af[]gsd&amp;gt; but was:&amp;lt;af[dgd]gsd&amp;gt;">
      <![CDATA[org.junit.ComparisonFailure: expected:<af[]gsd> but was:<af[dgd]gsd>
	at org.junit.Assert.assertEquals(Assert.java:115)
	at org.junit.Assert.assertEquals(Assert.java:144)
	at test_Cases.testCase_1.Reverse(testCase_1.java:59)
... Removed 24 stack frames]]>
    </failure>
  </testcase> <!-- Reverse -->
  <testcase name="Reverse2" time="0.001" classname="test_Cases.testCase_2">
    <failure type="java.lang.NullPointerException">
      <![CDATA[java.lang.NullPointerException
	at test_Cases.testCase_2.Reverse2(testCase_2.java:31)
... Removed 24 stack frames]]>
    </failure>
  </testcase> <!-- Reverse2 -->
</testsuite> <!-- Test1 -->
